{
  "/Users/nemo/github/nemo-shen/noi/packages/core/useEllipsis/index.ts": {
    "path": "/Users/nemo/github/nemo-shen/noi/packages/core/useEllipsis/index.ts",
    "statementMap": {
      "0": {
        "start": { "line": 13, "column": 7 },
        "end": { "line": 13, "column": null }
      },
      "1": {
        "start": { "line": 14, "column": 2 },
        "end": { "line": 14, "column": null }
      },
      "2": {
        "start": { "line": 15, "column": 2 },
        "end": { "line": 15, "column": null }
      },
      "3": {
        "start": { "line": 13, "column": 12 },
        "end": { "line": 13, "column": null }
      },
      "4": {
        "start": { "line": 18, "column": 7 },
        "end": { "line": 18, "column": null }
      },
      "5": {
        "start": { "line": 19, "column": 2 },
        "end": { "line": 19, "column": null }
      },
      "6": {
        "start": { "line": 20, "column": 2 },
        "end": { "line": 20, "column": null }
      },
      "7": {
        "start": { "line": 18, "column": 12 },
        "end": { "line": 18, "column": null }
      },
      "8": {
        "start": { "line": 48, "column": 24 },
        "end": { "line": 68, "column": null }
      },
      "9": {
        "start": { "line": 49, "column": 18 },
        "end": { "line": 49, "column": null }
      },
      "10": {
        "start": { "line": 51, "column": 24 },
        "end": { "line": 51, "column": null }
      },
      "11": {
        "start": { "line": 53, "column": 15 },
        "end": { "line": 53, "column": null }
      },
      "12": {
        "start": { "line": 54, "column": 2 },
        "end": { "line": 56, "column": null }
      },
      "13": {
        "start": { "line": 55, "column": 4 },
        "end": { "line": 55, "column": null }
      },
      "14": {
        "start": { "line": 58, "column": 2 },
        "end": { "line": 58, "column": null }
      },
      "15": {
        "start": { "line": 60, "column": 18 },
        "end": { "line": 62, "column": null }
      },
      "16": {
        "start": { "line": 61, "column": 4 },
        "end": { "line": 61, "column": null }
      },
      "17": {
        "start": { "line": 64, "column": 2 },
        "end": { "line": 67, "column": null }
      },
      "18": {
        "start": { "line": 70, "column": 25 },
        "end": { "line": 164, "column": null }
      },
      "19": {
        "start": { "line": 78, "column": 15 },
        "end": { "line": 78, "column": null }
      },
      "20": {
        "start": { "line": 80, "column": 16 },
        "end": { "line": 80, "column": null }
      },
      "21": {
        "start": { "line": 81, "column": 21 },
        "end": { "line": 81, "column": null }
      },
      "22": {
        "start": { "line": 85, "column": 4 },
        "end": { "line": 85, "column": null }
      },
      "23": {
        "start": { "line": 85, "column": 30 },
        "end": { "line": 85, "column": null }
      },
      "24": {
        "start": { "line": 87, "column": 4 },
        "end": { "line": 94, "column": null }
      },
      "25": {
        "start": { "line": 88, "column": 6 },
        "end": { "line": 88, "column": null }
      },
      "26": {
        "start": { "line": 89, "column": 6 },
        "end": { "line": 92, "column": null }
      },
      "27": {
        "start": { "line": 90, "column": 8 },
        "end": { "line": 90, "column": null }
      },
      "28": {
        "start": { "line": 91, "column": 8 },
        "end": { "line": 91, "column": null }
      },
      "29": {
        "start": { "line": 93, "column": 6 },
        "end": { "line": 93, "column": null }
      },
      "30": {
        "start": { "line": 96, "column": 17 },
        "end": { "line": 96, "column": null }
      },
      "31": {
        "start": { "line": 97, "column": 19 },
        "end": { "line": 97, "column": null }
      },
      "32": {
        "start": { "line": 99, "column": 4 },
        "end": { "line": 99, "column": null }
      },
      "33": {
        "start": { "line": 100, "column": 4 },
        "end": { "line": 103, "column": null }
      },
      "34": {
        "start": { "line": 101, "column": 6 },
        "end": { "line": 101, "column": null }
      },
      "35": {
        "start": { "line": 102, "column": 6 },
        "end": { "line": 102, "column": null }
      },
      "36": {
        "start": { "line": 104, "column": 4 },
        "end": { "line": 104, "column": null }
      },
      "37": {
        "start": { "line": 108, "column": 4 },
        "end": { "line": 108, "column": null }
      },
      "38": {
        "start": { "line": 109, "column": 23 },
        "end": { "line": 109, "column": null }
      },
      "39": {
        "start": { "line": 110, "column": 4 },
        "end": { "line": 120, "column": null }
      },
      "40": {
        "start": { "line": 112, "column": 8 },
        "end": { "line": 112, "column": null }
      },
      "41": {
        "start": { "line": 113, "column": 8 },
        "end": { "line": 113, "column": null }
      },
      "42": {
        "start": { "line": 115, "column": 8 },
        "end": { "line": 115, "column": null }
      },
      "43": {
        "start": { "line": 116, "column": 8 },
        "end": { "line": 116, "column": null }
      },
      "44": {
        "start": { "line": 118, "column": 8 },
        "end": { "line": 118, "column": null }
      },
      "45": {
        "start": { "line": 119, "column": 8 },
        "end": { "line": 119, "column": null }
      },
      "46": {
        "start": { "line": 121, "column": 4 },
        "end": { "line": 123, "column": null }
      },
      "47": {
        "start": { "line": 122, "column": 6 },
        "end": { "line": 122, "column": null }
      },
      "48": {
        "start": { "line": 124, "column": 4 },
        "end": { "line": 124, "column": null }
      },
      "49": {
        "start": { "line": 128, "column": 4 },
        "end": { "line": 128, "column": null }
      },
      "50": {
        "start": { "line": 129, "column": 22 },
        "end": { "line": 129, "column": null }
      },
      "51": {
        "start": { "line": 130, "column": 4 },
        "end": { "line": 130, "column": null }
      },
      "52": {
        "start": { "line": 131, "column": 4 },
        "end": { "line": 131, "column": null }
      },
      "53": {
        "start": { "line": 132, "column": 4 },
        "end": { "line": 150, "column": null }
      },
      "54": {
        "start": { "line": 134, "column": 6 },
        "end": { "line": 148, "column": null }
      },
      "55": {
        "start": { "line": 136, "column": 10 },
        "end": { "line": 136, "column": null }
      },
      "56": {
        "start": { "line": 137, "column": 10 },
        "end": { "line": 137, "column": null }
      },
      "57": {
        "start": { "line": 139, "column": 10 },
        "end": { "line": 141, "column": null }
      },
      "58": {
        "start": { "line": 142, "column": 10 },
        "end": { "line": 142, "column": null }
      },
      "59": {
        "start": { "line": 144, "column": 10 },
        "end": { "line": 146, "column": null }
      },
      "60": {
        "start": { "line": 147, "column": 10 },
        "end": { "line": 147, "column": null }
      },
      "61": {
        "start": { "line": 149, "column": 6 },
        "end": { "line": 149, "column": null }
      },
      "62": {
        "start": { "line": 151, "column": 4 },
        "end": { "line": 151, "column": null }
      },
      "63": {
        "start": { "line": 154, "column": 12 },
        "end": { "line": 154, "column": null }
      },
      "64": {
        "start": { "line": 155, "column": 2 },
        "end": { "line": 157, "column": null }
      },
      "65": {
        "start": { "line": 156, "column": 4 },
        "end": { "line": 156, "column": null }
      },
      "66": {
        "start": { "line": 158, "column": 2 },
        "end": { "line": 160, "column": null }
      },
      "67": {
        "start": { "line": 159, "column": 4 },
        "end": { "line": 159, "column": null }
      },
      "68": {
        "start": { "line": 162, "column": 2 },
        "end": { "line": 162, "column": null }
      },
      "69": {
        "start": { "line": 163, "column": 2 },
        "end": { "line": 163, "column": null }
      },
      "70": {
        "start": { "line": 166, "column": 34 },
        "end": { "line": 170, "column": null }
      },
      "71": {
        "start": { "line": 172, "column": 27 },
        "end": { "line": 218, "column": null }
      },
      "72": {
        "start": { "line": 177, "column": 2 },
        "end": { "line": 177, "column": null }
      },
      "73": {
        "start": { "line": 178, "column": 26 },
        "end": { "line": 178, "column": null }
      },
      "74": {
        "start": { "line": 179, "column": 16 },
        "end": { "line": 179, "column": null }
      },
      "75": {
        "start": { "line": 180, "column": 16 },
        "end": { "line": 180, "column": null }
      },
      "76": {
        "start": { "line": 182, "column": 17 },
        "end": { "line": 187, "column": null }
      },
      "77": {
        "start": { "line": 183, "column": 4 },
        "end": { "line": 186, "column": null }
      },
      "78": {
        "start": { "line": 189, "column": 22 },
        "end": { "line": 200, "column": null }
      },
      "79": {
        "start": { "line": 190, "column": 4 },
        "end": { "line": 190, "column": null }
      },
      "80": {
        "start": { "line": 190, "column": 23 },
        "end": { "line": 190, "column": null }
      },
      "81": {
        "start": { "line": 191, "column": 4 },
        "end": { "line": 191, "column": null }
      },
      "82": {
        "start": { "line": 192, "column": 4 },
        "end": { "line": 199, "column": null }
      },
      "83": {
        "start": { "line": 202, "column": 2 },
        "end": { "line": 202, "column": null }
      },
      "84": {
        "start": { "line": 204, "column": 20 },
        "end": { "line": 204, "column": null }
      },
      "85": {
        "start": { "line": 205, "column": 2 },
        "end": { "line": 205, "column": null }
      },
      "86": {
        "start": { "line": 207, "column": 18 },
        "end": { "line": 211, "column": null }
      },
      "87": {
        "start": { "line": 208, "column": 4 },
        "end": { "line": 210, "column": null }
      },
      "88": {
        "start": { "line": 213, "column": 2 },
        "end": { "line": 217, "column": null }
      }
    },
    "fnMap": {
      "0": {
        "name": "(anonymous_0)",
        "decl": {
          "start": { "line": 13, "column": 7 },
          "end": { "line": 13, "column": 12 }
        },
        "loc": {
          "start": { "line": 13, "column": 7 },
          "end": { "line": 13, "column": null }
        }
      },
      "1": {
        "name": "(anonymous_1)",
        "decl": {
          "start": { "line": 18, "column": 7 },
          "end": { "line": 18, "column": 12 }
        },
        "loc": {
          "start": { "line": 18, "column": 7 },
          "end": { "line": 18, "column": null }
        }
      },
      "2": {
        "name": "(anonymous_2)",
        "decl": {
          "start": { "line": 48, "column": 24 },
          "end": { "line": 48, "column": 25 }
        },
        "loc": {
          "start": { "line": 48, "column": 72 },
          "end": { "line": 68, "column": null }
        }
      },
      "3": {
        "name": "(anonymous_3)",
        "decl": {
          "start": { "line": 54, "column": 15 },
          "end": { "line": 54, "column": 16 }
        },
        "loc": {
          "start": { "line": 54, "column": 24 },
          "end": { "line": 56, "column": 3 }
        }
      },
      "4": {
        "name": "(anonymous_4)",
        "decl": {
          "start": { "line": 60, "column": 18 },
          "end": { "line": 60, "column": 24 }
        },
        "loc": {
          "start": { "line": 60, "column": 24 },
          "end": { "line": 62, "column": null }
        }
      },
      "5": {
        "name": "(anonymous_5)",
        "decl": {
          "start": { "line": 70, "column": 25 },
          "end": { "line": 70, "column": null }
        },
        "loc": {
          "start": { "line": 77, "column": 5 },
          "end": { "line": 164, "column": null }
        }
      },
      "6": {
        "name": "calc",
        "decl": {
          "start": { "line": 84, "column": 11 },
          "end": { "line": 84, "column": 16 }
        },
        "loc": {
          "start": { "line": 84, "column": 54 },
          "end": { "line": 105, "column": null }
        }
      },
      "7": {
        "name": "withEllipsisText",
        "decl": {
          "start": { "line": 107, "column": 11 },
          "end": { "line": 107, "column": 28 }
        },
        "loc": {
          "start": { "line": 107, "column": 45 },
          "end": { "line": 125, "column": null }
        }
      },
      "8": {
        "name": "withAction",
        "decl": {
          "start": { "line": 127, "column": 11 },
          "end": { "line": 127, "column": 22 }
        },
        "loc": {
          "start": { "line": 127, "column": 39 },
          "end": { "line": 152, "column": null }
        }
      },
      "9": {
        "name": "(anonymous_9)",
        "decl": {
          "start": { "line": 172, "column": 27 },
          "end": { "line": 172, "column": null }
        },
        "loc": {
          "start": { "line": 175, "column": 24 },
          "end": { "line": 218, "column": null }
        }
      },
      "10": {
        "name": "(anonymous_10)",
        "decl": {
          "start": { "line": 182, "column": 17 },
          "end": { "line": 182, "column": 23 }
        },
        "loc": {
          "start": { "line": 182, "column": 23 },
          "end": { "line": 187, "column": null }
        }
      },
      "11": {
        "name": "(anonymous_11)",
        "decl": {
          "start": { "line": 189, "column": 22 },
          "end": { "line": 189, "column": 28 }
        },
        "loc": {
          "start": { "line": 189, "column": 28 },
          "end": { "line": 200, "column": null }
        }
      },
      "12": {
        "name": "(anonymous_12)",
        "decl": {
          "start": { "line": 207, "column": 27 },
          "end": { "line": 207, "column": null }
        },
        "loc": {
          "start": { "line": 208, "column": 4 },
          "end": { "line": 210, "column": null }
        }
      }
    },
    "branchMap": {
      "0": {
        "loc": {
          "start": { "line": 13, "column": 12 },
          "end": { "line": 13, "column": null }
        },
        "type": "binary-expr",
        "locations": [
          {
            "start": { "line": 13, "column": 12 },
            "end": { "line": 13, "column": null }
          },
          {
            "start": { "line": 13, "column": 12 },
            "end": { "line": 13, "column": null }
          }
        ]
      },
      "1": {
        "loc": {
          "start": { "line": 18, "column": 12 },
          "end": { "line": 18, "column": null }
        },
        "type": "binary-expr",
        "locations": [
          {
            "start": { "line": 18, "column": 12 },
            "end": { "line": 18, "column": null }
          },
          {
            "start": { "line": 18, "column": 12 },
            "end": { "line": 18, "column": null }
          }
        ]
      },
      "2": {
        "loc": {
          "start": { "line": 84, "column": 33 },
          "end": { "line": 84, "column": 43 }
        },
        "type": "default-arg",
        "locations": [
          {
            "start": { "line": 84, "column": 39 },
            "end": { "line": 84, "column": 43 }
          }
        ]
      },
      "3": {
        "loc": {
          "start": { "line": 84, "column": 43 },
          "end": { "line": 84, "column": 54 }
        },
        "type": "default-arg",
        "locations": [
          {
            "start": { "line": 84, "column": 50 },
            "end": { "line": 84, "column": 54 }
          }
        ]
      },
      "4": {
        "loc": {
          "start": { "line": 85, "column": 4 },
          "end": { "line": 85, "column": null }
        },
        "type": "if",
        "locations": [
          {
            "start": { "line": 85, "column": 4 },
            "end": { "line": 85, "column": null }
          },
          {
            "start": { "line": 85, "column": 4 },
            "end": { "line": 85, "column": null }
          }
        ]
      },
      "5": {
        "loc": {
          "start": { "line": 87, "column": 4 },
          "end": { "line": 94, "column": null }
        },
        "type": "if",
        "locations": [
          {
            "start": { "line": 87, "column": 4 },
            "end": { "line": 94, "column": null }
          },
          {
            "start": { "line": 87, "column": 4 },
            "end": { "line": 94, "column": null }
          }
        ]
      },
      "6": {
        "loc": {
          "start": { "line": 89, "column": 6 },
          "end": { "line": 92, "column": null }
        },
        "type": "if",
        "locations": [
          {
            "start": { "line": 89, "column": 6 },
            "end": { "line": 92, "column": null }
          },
          {
            "start": { "line": 89, "column": 6 },
            "end": { "line": 92, "column": null }
          }
        ]
      },
      "7": {
        "loc": {
          "start": { "line": 100, "column": 4 },
          "end": { "line": 103, "column": null }
        },
        "type": "if",
        "locations": [
          {
            "start": { "line": 100, "column": 4 },
            "end": { "line": 103, "column": null }
          },
          {
            "start": { "line": 100, "column": 4 },
            "end": { "line": 103, "column": null }
          }
        ]
      },
      "8": {
        "loc": {
          "start": { "line": 102, "column": 29 },
          "end": { "line": 102, "column": 43 }
        },
        "type": "binary-expr",
        "locations": [
          {
            "start": { "line": 102, "column": 29 },
            "end": { "line": 102, "column": 37 }
          },
          {
            "start": { "line": 102, "column": 37 },
            "end": { "line": 102, "column": 43 }
          }
        ]
      },
      "9": {
        "loc": {
          "start": { "line": 110, "column": 4 },
          "end": { "line": 120, "column": null }
        },
        "type": "switch",
        "locations": [
          {
            "start": { "line": 111, "column": 6 },
            "end": { "line": 113, "column": null }
          },
          {
            "start": { "line": 114, "column": 6 },
            "end": { "line": 116, "column": null }
          },
          {
            "start": { "line": 117, "column": 6 },
            "end": { "line": 119, "column": null }
          }
        ]
      },
      "10": {
        "loc": {
          "start": { "line": 121, "column": 4 },
          "end": { "line": 123, "column": null }
        },
        "type": "if",
        "locations": [
          {
            "start": { "line": 121, "column": 4 },
            "end": { "line": 123, "column": null }
          },
          {
            "start": { "line": 121, "column": 4 },
            "end": { "line": 123, "column": null }
          }
        ]
      },
      "11": {
        "loc": {
          "start": { "line": 132, "column": 4 },
          "end": { "line": 150, "column": null }
        },
        "type": "if",
        "locations": [
          {
            "start": { "line": 132, "column": 4 },
            "end": { "line": 150, "column": null }
          },
          {
            "start": { "line": 132, "column": 4 },
            "end": { "line": 150, "column": null }
          }
        ]
      },
      "12": {
        "loc": {
          "start": { "line": 134, "column": 6 },
          "end": { "line": 148, "column": null }
        },
        "type": "switch",
        "locations": [
          {
            "start": { "line": 135, "column": 8 },
            "end": { "line": 137, "column": null }
          },
          {
            "start": { "line": 138, "column": 8 },
            "end": { "line": 142, "column": null }
          },
          {
            "start": { "line": 143, "column": 8 },
            "end": { "line": 147, "column": null }
          }
        ]
      },
      "13": {
        "loc": {
          "start": { "line": 155, "column": 2 },
          "end": { "line": 157, "column": null }
        },
        "type": "if",
        "locations": [
          {
            "start": { "line": 155, "column": 2 },
            "end": { "line": 157, "column": null }
          },
          {
            "start": { "line": 155, "column": 2 },
            "end": { "line": 157, "column": null }
          }
        ]
      },
      "14": {
        "loc": {
          "start": { "line": 158, "column": 2 },
          "end": { "line": 160, "column": null }
        },
        "type": "if",
        "locations": [
          {
            "start": { "line": 158, "column": 2 },
            "end": { "line": 160, "column": null }
          },
          {
            "start": { "line": 158, "column": 2 },
            "end": { "line": 160, "column": null }
          }
        ]
      },
      "15": {
        "loc": {
          "start": { "line": 184, "column": 6 },
          "end": { "line": 186, "column": null }
        },
        "type": "cond-expr",
        "locations": [
          {
            "start": { "line": 185, "column": 10 },
            "end": { "line": 185, "column": null }
          },
          {
            "start": { "line": 186, "column": 10 },
            "end": { "line": 186, "column": null }
          }
        ]
      },
      "16": {
        "loc": {
          "start": { "line": 190, "column": 4 },
          "end": { "line": 190, "column": null }
        },
        "type": "if",
        "locations": [
          {
            "start": { "line": 190, "column": 4 },
            "end": { "line": 190, "column": null }
          },
          {
            "start": { "line": 190, "column": 4 },
            "end": { "line": 190, "column": null }
          }
        ]
      },
      "17": {
        "loc": {
          "start": { "line": 197, "column": 6 },
          "end": { "line": 197, "column": null }
        },
        "type": "cond-expr",
        "locations": [
          {
            "start": { "line": 197, "column": 23 },
            "end": { "line": 197, "column": 59 }
          },
          {
            "start": { "line": 197, "column": 59 },
            "end": { "line": 197, "column": null }
          }
        ]
      },
      "18": {
        "loc": {
          "start": { "line": 208, "column": 4 },
          "end": { "line": 210, "column": null }
        },
        "type": "cond-expr",
        "locations": [
          {
            "start": { "line": 209, "column": 8 },
            "end": { "line": 209, "column": null }
          },
          {
            "start": { "line": 210, "column": 8 },
            "end": { "line": 210, "column": null }
          }
        ]
      }
    },
    "s": {
      "0": 2,
      "1": 2,
      "2": 2,
      "3": 2,
      "4": 2,
      "5": 2,
      "6": 2,
      "7": 2,
      "8": 2,
      "9": 8,
      "10": 8,
      "11": 8,
      "12": 8,
      "13": 0,
      "14": 8,
      "15": 8,
      "16": 8,
      "17": 8,
      "18": 2,
      "19": 8,
      "20": 8,
      "21": 8,
      "22": 56,
      "23": 0,
      "24": 56,
      "25": 8,
      "26": 8,
      "27": 0,
      "28": 0,
      "29": 8,
      "30": 48,
      "31": 48,
      "32": 48,
      "33": 48,
      "34": 24,
      "35": 24,
      "36": 24,
      "37": 44,
      "38": 44,
      "39": 44,
      "40": 10,
      "41": 10,
      "42": 34,
      "43": 34,
      "44": 0,
      "45": 0,
      "46": 44,
      "47": 36,
      "48": 8,
      "49": 0,
      "50": 0,
      "51": 0,
      "52": 0,
      "53": 0,
      "54": 0,
      "55": 0,
      "56": 0,
      "57": 0,
      "58": 0,
      "59": 0,
      "60": 0,
      "61": 0,
      "62": 0,
      "63": 8,
      "64": 8,
      "65": 8,
      "66": 8,
      "67": 0,
      "68": 8,
      "69": 8,
      "70": 2,
      "71": 2,
      "72": 4,
      "73": 4,
      "74": 4,
      "75": 4,
      "76": 4,
      "77": 0,
      "78": 4,
      "79": 8,
      "80": 0,
      "81": 8,
      "82": 8,
      "83": 4,
      "84": 4,
      "85": 4,
      "86": 4,
      "87": 8,
      "88": 4
    },
    "f": {
      "0": 2,
      "1": 2,
      "2": 8,
      "3": 0,
      "4": 8,
      "5": 8,
      "6": 56,
      "7": 44,
      "8": 0,
      "9": 4,
      "10": 0,
      "11": 8,
      "12": 8
    },
    "b": {
      "0": [2, 2],
      "1": [2, 2],
      "2": [8],
      "3": [8],
      "4": [0, 56],
      "5": [8, 48],
      "6": [0, 8],
      "7": [24, 24],
      "8": [24, 0],
      "9": [10, 34, 0],
      "10": [36, 8],
      "11": [0, 0],
      "12": [0, 0, 0],
      "13": [8, 0],
      "14": [0, 8],
      "15": [0, 0],
      "16": [0, 8],
      "17": [0, 8],
      "18": [8, 0]
    }
  },
  "/Users/nemo/github/nemo-shen/noi/packages/core/useToast/useToast.tsx": {
    "path": "/Users/nemo/github/nemo-shen/noi/packages/core/useToast/useToast.tsx",
    "statementMap": {
      "0": {
        "start": { "line": 12, "column": 14 },
        "end": { "line": 12, "column": 23 }
      },
      "1": {
        "start": { "line": 14, "column": 23 },
        "end": { "line": 40, "column": 1 }
      },
      "2": {
        "start": { "line": 15, "column": 14 },
        "end": { "line": 35, "column": 4 }
      },
      "3": {
        "start": { "line": 17, "column": 19 },
        "end": { "line": 17, "column": 29 }
      },
      "4": {
        "start": { "line": 18, "column": 47 },
        "end": { "line": 18, "column": 54 }
      },
      "5": {
        "start": { "line": 19, "column": 20 },
        "end": { "line": 26, "column": 7 }
      },
      "6": {
        "start": { "line": 20, "column": 8 },
        "end": { "line": 20, "column": null }
      },
      "7": {
        "start": { "line": 21, "column": 8 },
        "end": { "line": 25, "column": null }
      },
      "8": {
        "start": { "line": 22, "column": 10 },
        "end": { "line": 22, "column": null }
      },
      "9": {
        "start": { "line": 23, "column": 15 },
        "end": { "line": 25, "column": null }
      },
      "10": {
        "start": { "line": 24, "column": 10 },
        "end": { "line": 24, "column": null }
      },
      "11": {
        "start": { "line": 27, "column": 20 },
        "end": { "line": 29, "column": 7 }
      },
      "12": {
        "start": { "line": 28, "column": 8 },
        "end": { "line": 28, "column": null }
      },
      "13": {
        "start": { "line": 31, "column": 6 },
        "end": { "line": 31, "column": null }
      },
      "14": {
        "start": { "line": 33, "column": 6 },
        "end": { "line": 33, "column": null }
      },
      "15": {
        "start": { "line": 33, "column": 13 },
        "end": { "line": 33, "column": 45 }
      },
      "16": {
        "start": { "line": 36, "column": 15 },
        "end": { "line": 36, "column": 44 }
      },
      "17": {
        "start": { "line": 37, "column": 2 },
        "end": { "line": 37, "column": null }
      },
      "18": {
        "start": { "line": 38, "column": 19 },
        "end": { "line": 38, "column": 34 }
      },
      "19": {
        "start": { "line": 39, "column": 2 },
        "end": { "line": 39, "column": null }
      },
      "20": {
        "start": { "line": 42, "column": 20 },
        "end": { "line": 48, "column": 1 }
      },
      "21": {
        "start": { "line": 43, "column": 2 },
        "end": { "line": 46, "column": null }
      },
      "22": {
        "start": { "line": 44, "column": 21 },
        "end": { "line": 44, "column": 37 }
      },
      "23": {
        "start": { "line": 45, "column": 4 },
        "end": { "line": 45, "column": null }
      },
      "24": {
        "start": { "line": 47, "column": 2 },
        "end": { "line": 47, "column": null }
      },
      "25": {
        "start": { "line": 67, "column": 24 },
        "end": { "line": 73, "column": 1 }
      },
      "26": {
        "start": { "line": 68, "column": 26 },
        "end": { "line": 68, "column": 39 }
      },
      "27": {
        "start": { "line": 69, "column": 2 },
        "end": { "line": 72, "column": null }
      }
    },
    "fnMap": {
      "0": {
        "name": "(anonymous_0)",
        "decl": {
          "start": { "line": 14, "column": 23 },
          "end": { "line": 14, "column": 29 }
        },
        "loc": {
          "start": { "line": 14, "column": 29 },
          "end": { "line": 40, "column": 1 }
        }
      },
      "1": {
        "name": "(anonymous_1)",
        "decl": {
          "start": { "line": 16, "column": 4 },
          "end": { "line": 16, "column": 9 }
        },
        "loc": {
          "start": { "line": 16, "column": 25 },
          "end": { "line": 34, "column": null }
        }
      },
      "2": {
        "name": "(anonymous_2)",
        "decl": {
          "start": { "line": 19, "column": 20 },
          "end": { "line": 19, "column": 49 }
        },
        "loc": {
          "start": { "line": 19, "column": 54 },
          "end": { "line": 26, "column": 7 }
        }
      },
      "3": {
        "name": "(anonymous_3)",
        "decl": {
          "start": { "line": 27, "column": 20 },
          "end": { "line": 27, "column": 26 }
        },
        "loc": {
          "start": { "line": 27, "column": 26 },
          "end": { "line": 29, "column": 7 }
        }
      },
      "4": {
        "name": "(anonymous_4)",
        "decl": {
          "start": { "line": 33, "column": 13 },
          "end": { "line": 33, "column": 32 }
        },
        "loc": {
          "start": { "line": 33, "column": 13 },
          "end": { "line": 33, "column": 45 }
        }
      },
      "5": {
        "name": "(anonymous_5)",
        "decl": {
          "start": { "line": 42, "column": 20 },
          "end": { "line": 42, "column": 26 }
        },
        "loc": {
          "start": { "line": 42, "column": 26 },
          "end": { "line": 48, "column": 1 }
        }
      },
      "6": {
        "name": "(anonymous_6)",
        "decl": {
          "start": { "line": 67, "column": 24 },
          "end": { "line": 67, "column": 25 }
        },
        "loc": {
          "start": { "line": 67, "column": 60 },
          "end": { "line": 73, "column": 1 }
        }
      }
    },
    "branchMap": {
      "0": {
        "loc": {
          "start": { "line": 21, "column": 8 },
          "end": { "line": 25, "column": null }
        },
        "type": "if",
        "locations": [
          {
            "start": { "line": 21, "column": 8 },
            "end": { "line": 25, "column": null }
          },
          {
            "start": { "line": 23, "column": 15 },
            "end": { "line": 25, "column": null }
          }
        ]
      },
      "1": {
        "loc": {
          "start": { "line": 21, "column": 12 },
          "end": { "line": 21, "column": 59 }
        },
        "type": "binary-expr",
        "locations": [
          {
            "start": { "line": 21, "column": 12 },
            "end": { "line": 21, "column": 39 }
          },
          {
            "start": { "line": 21, "column": 43 },
            "end": { "line": 21, "column": 59 }
          }
        ]
      },
      "2": {
        "loc": {
          "start": { "line": 23, "column": 15 },
          "end": { "line": 25, "column": null }
        },
        "type": "if",
        "locations": [
          {
            "start": { "line": 23, "column": 15 },
            "end": { "line": 25, "column": null }
          },
          {
            "start": { "line": 23, "column": 15 },
            "end": { "line": 25, "column": null }
          }
        ]
      },
      "3": {
        "loc": {
          "start": { "line": 43, "column": 2 },
          "end": { "line": 46, "column": null }
        },
        "type": "if",
        "locations": [
          {
            "start": { "line": 43, "column": 2 },
            "end": { "line": 46, "column": null }
          },
          {
            "start": { "line": 43, "column": 2 },
            "end": { "line": 46, "column": null }
          }
        ]
      },
      "4": {
        "loc": {
          "start": { "line": 67, "column": 25 },
          "end": { "line": 67, "column": 55 }
        },
        "type": "default-arg",
        "locations": [
          {
            "start": { "line": 67, "column": 53 },
            "end": { "line": 67, "column": 55 }
          }
        ]
      }
    },
    "s": {
      "0": 1,
      "1": 1,
      "2": 1,
      "3": 1,
      "4": 1,
      "5": 1,
      "6": 0,
      "7": 0,
      "8": 0,
      "9": 0,
      "10": 0,
      "11": 1,
      "12": 0,
      "13": 1,
      "14": 1,
      "15": 1,
      "16": 1,
      "17": 1,
      "18": 1,
      "19": 1,
      "20": 1,
      "21": 1,
      "22": 1,
      "23": 1,
      "24": 0,
      "25": 1,
      "26": 1,
      "27": 1
    },
    "f": { "0": 1, "1": 1, "2": 0, "3": 0, "4": 1, "5": 1, "6": 1 },
    "b": { "0": [0, 0], "1": [0, 0], "2": [0, 0], "3": [1, 0], "4": [1] }
  },
  "/Users/nemo/github/nemo-shen/noi/src/App.vue": {
    "path": "/Users/nemo/github/nemo-shen/noi/src/App.vue",
    "statementMap": {
      "0": {
        "start": { "line": 6, "column": 2 },
        "end": { "line": 6, "column": null }
      }
    },
    "fnMap": {},
    "branchMap": {},
    "s": { "0": 0 },
    "f": {},
    "b": {}
  },
  "/Users/nemo/github/nemo-shen/noi/src/main.js": {
    "path": "/Users/nemo/github/nemo-shen/noi/src/main.js",
    "statementMap": {
      "0": {
        "start": { "line": 4, "column": 0 },
        "end": { "line": 4, "column": 28 }
      }
    },
    "fnMap": {},
    "branchMap": {},
    "s": { "0": 0 },
    "f": {},
    "b": {}
  },
  "/Users/nemo/github/nemo-shen/noi/src/demo/UseEllipsis.vue": {
    "path": "/Users/nemo/github/nemo-shen/noi/src/demo/UseEllipsis.vue",
    "statementMap": {
      "0": {
        "start": { "line": 4, "column": 20 },
        "end": { "line": 4, "column": null }
      },
      "1": {
        "start": { "line": 5, "column": 22 },
        "end": { "line": 7, "column": null }
      },
      "2": {
        "start": { "line": 9, "column": 21 },
        "end": { "line": 20, "column": null }
      },
      "3": {
        "start": { "line": 10, "column": 2 },
        "end": { "line": 20, "column": null }
      },
      "4": {
        "start": { "line": 15, "column": 10 },
        "end": { "line": 15, "column": null }
      },
      "5": {
        "start": { "line": 21, "column": 35 },
        "end": { "line": 23, "column": null }
      },
      "6": {
        "start": { "line": 27, "column": 18 },
        "end": { "line": 27, "column": 33 }
      },
      "7": {
        "start": { "line": 31, "column": 18 },
        "end": { "line": 31, "column": null }
      }
    },
    "fnMap": {
      "0": {
        "name": "(anonymous_1)",
        "decl": {
          "start": { "line": 9, "column": 21 },
          "end": { "line": 9, "column": 22 }
        },
        "loc": {
          "start": { "line": 10, "column": 2 },
          "end": { "line": 20, "column": null }
        }
      },
      "1": {
        "name": "(anonymous_2)",
        "decl": {
          "start": { "line": 14, "column": 15 },
          "end": { "line": 14, "column": 21 }
        },
        "loc": {
          "start": { "line": 14, "column": 21 },
          "end": { "line": 16, "column": null }
        }
      },
      "2": {
        "name": "(anonymous_4)",
        "decl": {
          "start": { "line": 1, "column": 0 },
          "end": { "line": 1, "column": null }
        },
        "loc": {
          "start": { "line": 27, "column": 18 },
          "end": { "line": 27, "column": 33 }
        }
      },
      "3": {
        "name": "(anonymous_5)",
        "decl": {
          "start": { "line": 31, "column": 16 },
          "end": { "line": 31, "column": 18 }
        },
        "loc": {
          "start": { "line": 31, "column": 18 },
          "end": { "line": 31, "column": null }
        }
      }
    },
    "branchMap": {
      "0": {
        "loc": {
          "start": { "line": 1, "column": 0 },
          "end": { "line": 27, "column": 33 }
        },
        "type": "binary-expr",
        "locations": [
          {
            "start": { "line": 1, "column": 0 },
            "end": { "line": 1, "column": null }
          },
          {
            "start": { "line": 1, "column": 0 },
            "end": { "line": 27, "column": 33 }
          }
        ]
      },
      "1": {
        "loc": {
          "start": { "line": 31, "column": 16 },
          "end": { "line": 31, "column": null }
        },
        "type": "binary-expr",
        "locations": [
          {
            "start": { "line": 31, "column": 16 },
            "end": { "line": 31, "column": 18 }
          },
          {
            "start": { "line": 31, "column": 16 },
            "end": { "line": 31, "column": null }
          }
        ]
      },
      "2": {
        "loc": {
          "start": { "line": 31, "column": 18 },
          "end": { "line": 31, "column": null }
        },
        "type": "binary-expr",
        "locations": [
          {
            "start": { "line": 31, "column": 18 },
            "end": { "line": 31, "column": null }
          },
          {
            "start": { "line": 31, "column": 18 },
            "end": { "line": 31, "column": null }
          }
        ]
      },
      "3": {
        "loc": {
          "start": { "line": 32, "column": 7 },
          "end": { "line": 32, "column": null }
        },
        "type": "cond-expr",
        "locations": [
          {
            "start": { "line": 32, "column": 12 },
            "end": { "line": 32, "column": null }
          },
          {
            "start": { "line": 32, "column": 12 },
            "end": { "line": 32, "column": null }
          }
        ]
      }
    },
    "s": { "0": 0, "1": 0, "2": 0, "3": 0, "4": 0, "5": 0, "6": 0, "7": 0 },
    "f": { "0": 0, "1": 0, "2": 0, "3": 0 },
    "b": { "0": [0, 0], "1": [0, 0], "2": [0, 0], "3": [0, 0] }
  },
  "/Users/nemo/github/nemo-shen/noi/src/demo/UseToast.vue": {
    "path": "/Users/nemo/github/nemo-shen/noi/src/demo/UseToast.vue",
    "statementMap": {
      "0": {
        "start": { "line": 5, "column": 24 },
        "end": { "line": 5, "column": null }
      },
      "1": {
        "start": { "line": 6, "column": 24 },
        "end": { "line": 8, "column": null }
      },
      "2": {
        "start": { "line": 7, "column": 2 },
        "end": { "line": 7, "column": null }
      },
      "3": {
        "start": { "line": 12, "column": 18 },
        "end": { "line": 12, "column": 31 }
      },
      "4": {
        "start": { "line": 13, "column": 18 },
        "end": { "line": 13, "column": 32 }
      },
      "5": {
        "start": { "line": 15, "column": 18 },
        "end": { "line": 15, "column": 27 }
      }
    },
    "fnMap": {
      "0": {
        "name": "(anonymous_1)",
        "decl": {
          "start": { "line": 6, "column": 24 },
          "end": { "line": 6, "column": 30 }
        },
        "loc": {
          "start": { "line": 6, "column": 30 },
          "end": { "line": 8, "column": null }
        }
      },
      "1": {
        "name": "(anonymous_3)",
        "decl": {
          "start": { "line": 12, "column": 16 },
          "end": { "line": 12, "column": 18 }
        },
        "loc": {
          "start": { "line": 12, "column": 18 },
          "end": { "line": 12, "column": 31 }
        }
      },
      "2": {
        "name": "(anonymous_4)",
        "decl": {
          "start": { "line": 13, "column": 16 },
          "end": { "line": 13, "column": 18 }
        },
        "loc": {
          "start": { "line": 13, "column": 18 },
          "end": { "line": 13, "column": 32 }
        }
      },
      "3": {
        "name": "(anonymous_5)",
        "decl": {
          "start": { "line": 15, "column": 16 },
          "end": { "line": 15, "column": 18 }
        },
        "loc": {
          "start": { "line": 15, "column": 18 },
          "end": { "line": 15, "column": 27 }
        }
      }
    },
    "branchMap": {
      "0": {
        "loc": {
          "start": { "line": 12, "column": 16 },
          "end": { "line": 12, "column": 31 }
        },
        "type": "binary-expr",
        "locations": [
          {
            "start": { "line": 12, "column": 16 },
            "end": { "line": 12, "column": 18 }
          },
          {
            "start": { "line": 12, "column": 16 },
            "end": { "line": 12, "column": 31 }
          }
        ]
      },
      "1": {
        "loc": {
          "start": { "line": 13, "column": 16 },
          "end": { "line": 13, "column": 32 }
        },
        "type": "binary-expr",
        "locations": [
          {
            "start": { "line": 13, "column": 16 },
            "end": { "line": 13, "column": 18 }
          },
          {
            "start": { "line": 13, "column": 16 },
            "end": { "line": 13, "column": 32 }
          }
        ]
      },
      "2": {
        "loc": {
          "start": { "line": 15, "column": 16 },
          "end": { "line": 15, "column": 27 }
        },
        "type": "binary-expr",
        "locations": [
          {
            "start": { "line": 15, "column": 16 },
            "end": { "line": 15, "column": 18 }
          },
          {
            "start": { "line": 15, "column": 16 },
            "end": { "line": 15, "column": 27 }
          }
        ]
      }
    },
    "s": { "0": 0, "1": 0, "2": 0, "3": 0, "4": 0, "5": 0 },
    "f": { "0": 0, "1": 0, "2": 0, "3": 0 },
    "b": { "0": [0, 0], "1": [0, 0], "2": [0, 0] }
  }
}
